# JRE version: OpenJDK Runtime Environment Temurin-21.0.7+6 (21.0.7+6) (build 21.0.7+6-LTS)
# Java VM: OpenJDK 64-Bit Server VM Temurin-21.0.7+6 (21.0.7+6-LTS, mixed mode, sharing, tiered, compressed oops, compressed class ptrs, g1 gc, windows-amd64)
GC Precious Log:
 CardTable entry size: 512
 Card Set container configuration: InlinePtr #cards 5 size 8 Array Of Cards #cards 12 size 40 Howl #buckets 4 coarsen threshold 1843 Howl Bitmap #cards 512 size 80 coarsen threshold 460 Card regions per heap region 1 cards per card region 2048
 CPUs: 8 total, 8 available
 Memory: 6020M
 Large Page Support: Disabled
 NUMA Support: Disabled
 Compressed Oops: Enabled (32-bit)
 Heap Region Size: 1M
 Heap Min Capacity: 8M
 Heap Initial Capacity: 96M
 Heap Max Capacity: 1506M
 Pre-touch: Disabled
 Parallel Workers: 8
 Concurrent Workers: 2
 Concurrent Refinement Workers: 8
 Periodic GC: Disabled
Heap:
 garbage-first heap   total 54272K, used 42741K [0x00000000a1e00000, 0x0000000100000000)
  region size 1024K, 29 young (29696K), 1 survivors (1024K)
 Metaspace       used 27454K, committed 27904K, reserved 1114112K
  class space    used 2592K, committed 2816K, reserved 1048576K
GC Heap History (20 events):
Event: 9.869 GC heap before
{Heap before GC invocations=3 (full 0):
 garbage-first heap   total 98304K, used 63521K [0x00000000a1e00000, 0x0000000100000000)
  region size 1024K, 57 young (58368K), 5 survivors (5120K)
 Metaspace       used 15254K, committed 15744K, reserved 1114112K
  class space    used 1555K, committed 1792K, reserved 1048576K
}
Event: 9.874 GC heap after
{Heap after GC invocations=4 (full 0):
 garbage-first heap   total 98304K, used 10769K [0x00000000a1e00000, 0x0000000100000000)
  region size 1024K, 2 young (2048K), 2 survivors (2048K)
 Metaspace       used 15254K, committed 15744K, reserved 1114112K
  class space    used 1555K, committed 1792K, reserved 1048576K
}
Event: 11.562 GC heap before
{Heap before GC invocations=4 (full 0):
 garbage-first heap   total 98304K, used 50705K [0x00000000a1e00000, 0x0000000100000000)
  region size 1024K, 43 young (44032K), 2 survivors (2048K)
 Metaspace       used 21068K, committed 21504K, reserved 1114112K
  class space    used 2072K, committed 2304K, reserved 1048576K
}
Event: 11.566 GC heap after
{Heap after GC invocations=5 (full 0):
 garbage-first heap   total 98304K, used 12600K [0x00000000a1e00000, 0x0000000100000000)
  region size 1024K, 4 young (4096K), 4 survivors (4096K)
 Metaspace       used 21068K, committed 21504K, reserved 1114112K
  class space    used 2072K, committed 2304K, reserved 1048576K
}
Event: 11.848 GC heap before
{Heap before GC invocations=6 (full 0):
 garbage-first heap   total 45056K, used 34104K [0x00000000a1e00000, 0x0000000100000000)
  region size 1024K, 26 young (26624K), 4 survivors (4096K)
 Metaspace       used 23177K, committed 23680K, reserved 1114112K
  class space    used 2266K, committed 2496K, reserved 1048576K
}
Event: 11.852 GC heap after
{Heap after GC invocations=7 (full 0):
 garbage-first heap   total 45056K, used 13350K [0x00000000a1e00000, 0x0000000100000000)
  region size 1024K, 2 young (2048K), 2 survivors (2048K)
 Metaspace       used 23177K, committed 23680K, reserved 1114112K
  class space    used 2266K, committed 2496K, reserved 1048576K
}
Event: 11.954 GC heap before
{Heap before GC invocations=7 (full 0):
 garbage-first heap   total 45056K, used 34854K [0x00000000a1e00000, 0x0000000100000000)
  region size 1024K, 24 young (24576K), 2 survivors (2048K)
 Metaspace       used 23221K, committed 23744K, reserved 1114112K
  class space    used 2266K, committed 2496K, reserved 1048576K
}
Event: 11.956 GC heap after
{Heap after GC invocations=8 (full 0):
 garbage-first heap   total 45056K, used 12807K [0x00000000a1e00000, 0x0000000100000000)
  region size 1024K, 1 young (1024K), 1 survivors (1024K)
 Metaspace       used 23221K, committed 23744K, reserved 1114112K
  class space    used 2266K, committed 2496K, reserved 1048576K
}
Event: 12.068 GC heap before
{Heap before GC invocations=8 (full 0):
 garbage-first heap   total 45056K, used 36359K [0x00000000a1e00000, 0x0000000100000000)
  region size 1024K, 25 young (25600K), 1 survivors (1024K)
 Metaspace       used 23265K, committed 23808K, reserved 1114112K
  class space    used 2266K, committed 2496K, reserved 1048576K
}
Event: 12.069 GC heap after
{Heap after GC invocations=9 (full 0):
 garbage-first heap   total 45056K, used 12352K [0x00000000a1e00000, 0x0000000100000000)
  region size 1024K, 1 young (1024K), 1 survivors (1024K)
 Metaspace       used 23265K, committed 23808K, reserved 1114112K
  class space    used 2266K, committed 2496K, reserved 1048576K
}
Event: 12.315 GC heap before
{Heap before GC invocations=9 (full 0):
 garbage-first heap   total 45056K, used 36928K [0x00000000a1e00000, 0x0000000100000000)
  region size 1024K, 26 young (26624K), 1 survivors (1024K)
 Metaspace       used 24602K, committed 25088K, reserved 1114112K
  class space    used 2367K, committed 2624K, reserved 1048576K
}
Event: 12.318 GC heap after
{Heap after GC invocations=10 (full 0):
 garbage-first heap   total 54272K, used 12549K [0x00000000a1e00000, 0x0000000100000000)
  region size 1024K, 1 young (1024K), 1 survivors (1024K)
 Metaspace       used 24602K, committed 25088K, reserved 1114112K
  class space    used 2367K, committed 2624K, reserved 1048576K
}
Event: 403.033 GC heap before
{Heap before GC invocations=10 (full 0):
 garbage-first heap   total 54272K, used 42245K [0x00000000a1e00000, 0x0000000100000000)
  region size 1024K, 31 young (31744K), 1 survivors (1024K)
 Metaspace       used 27243K, committed 27712K, reserved 1114112K
  class space    used 2587K, committed 2816K, reserved 1048576K
}
Event: 403.048 GC heap after
{Heap after GC invocations=11 (full 0):
 garbage-first heap   total 54272K, used 14943K [0x00000000a1e00000, 0x0000000100000000)
  region size 1024K, 4 young (4096K), 4 survivors (4096K)
 Metaspace       used 27243K, committed 27712K, reserved 1114112K
  class space    used 2587K, committed 2816K, reserved 1048576K
}
Event: 403.286 GC heap before
{Heap before GC invocations=11 (full 0):
 garbage-first heap   total 54272K, used 42591K [0x00000000a1e00000, 0x0000000100000000)
  region size 1024K, 31 young (31744K), 4 survivors (4096K)
 Metaspace       used 27248K, committed 27712K, reserved 1114112K
  class space    used 2587K, committed 2816K, reserved 1048576K
}
Event: 403.290 GC heap after
{Heap after GC invocations=12 (full 0):
 garbage-first heap   total 54272K, used 15672K [0x00000000a1e00000, 0x0000000100000000)
  region size 1024K, 1 young (1024K), 1 survivors (1024K)
 Metaspace       used 27248K, committed 27712K, reserved 1114112K
  class space    used 2587K, committed 2816K, reserved 1048576K
}
Event: 403.522 GC heap before
{Heap before GC invocations=12 (full 0):
 garbage-first heap   total 54272K, used 46392K [0x00000000a1e00000, 0x0000000100000000)
  region size 1024K, 31 young (31744K), 1 survivors (1024K)
 Metaspace       used 27249K, committed 27712K, reserved 1114112K
  class space    used 2587K, committed 2816K, reserved 1048576K
}
Event: 403.523 GC heap after
{Heap after GC invocations=13 (full 0):
 garbage-first heap   total 54272K, used 15797K [0x00000000a1e00000, 0x0000000100000000)
  region size 1024K, 1 young (1024K), 1 survivors (1024K)
 Metaspace       used 27249K, committed 27712K, reserved 1114112K
  class space    used 2587K, committed 2816K, reserved 1048576K
}
Event: 403.811 GC heap before
{Heap before GC invocations=13 (full 0):
 garbage-first heap   total 54272K, used 46517K [0x00000000a1e00000, 0x0000000100000000)
  region size 1024K, 31 young (31744K), 1 survivors (1024K)
 Metaspace       used 27253K, committed 27712K, reserved 1114112K
  class space    used 2587K, committed 2816K, reserved 1048576K
}
Event: 403.814 GC heap after
{Heap after GC invocations=14 (full 0):
 garbage-first heap   total 54272K, used 16117K [0x00000000a1e00000, 0x0000000100000000)
  region size 1024K, 1 young (1024K), 1 survivors (1024K)
 Metaspace       used 27253K, committed 27712K, reserved 1114112K
  class space    used 2587K, committed 2816K, reserved 1048576K
}

